<?xml version="1.0" encoding="UTF-8"?>
<testng-results skipped="0" failed="0" ignored="0" total="1" passed="1">
  <reporter-output>
  </reporter-output>
  <suite name="Default suite" duration-ms="2209" started-at="2018-08-07T10:26:11Z" finished-at="2018-08-07T10:26:13Z">
    <groups>
    </groups>
    <test name="Default test" duration-ms="2209" started-at="2018-08-07T10:26:11Z" finished-at="2018-08-07T10:26:13Z">
      <class name="hckrrnk.HttpStsRspns">
        <test-method status="PASS" signature="test()[pri:0, instance:hckrrnk.HttpStsRspns@74650e52]" name="test" duration-ms="2167" started-at="2018-08-07T10:26:11Z" finished-at="2018-08-07T10:26:13Z">
          <reporter-output>
          </reporter-output>
        </test-method> <!-- test -->
      </class> <!-- hckrrnk.HttpStsRspns -->
    </test> <!-- Default test -->
  </suite> <!-- Default suite -->
</testng-results>
